[    1278ms] [LOG] {success: true, code: 0, message: experiment: pc_factory_header_experiment has been full pushed, segmentID: null, remainder: null} testres @ https://s.alicdn.com/@g/code/npm/@alife/the-new-header/5.5.0/renderHeader.js:35
[    1279ms] [ERROR] Header getI18n error TypeError: Cannot read properties of undefined (reading 'startsWith')
    at je (https://s.alicdn.com/@g/code/npm/@alife/the-new-header/5.5.0/renderHeader.js:31:11589)
    at F_ (https://s.alicdn.com/@g/code/npm/@alife/the-new-header/5.5.0/renderHeader.js:36:121329)
    at Eo (https://s.alicdn.com/@g/psolution/ncms-react/1.0.28/??index.js:21:63231)
    at _i (https://s.alicdn.com/@g/psolution/ncms-react/1.0.28/??index.js:21:120198)
    at ws (https://s.alicdn.com/@g/psolution/ncms-react/1.0.28/??index.js:21:109194)
    at ys (https://s.alicdn.com/@g/psolution/ncms-react/1.0.28/??index.js:21:109122)
    at gs (https://s.alicdn.com/@g/psolution/ncms-react/1.0.28/??index.js:21:108985)
    at as (https://s.alicdn.com/@g/psolution/ncms-react/1.0.28/??index.js:21:104103)
    at S (https://s.alicdn.com/@g/psolution/ncms-react/1.0.28/??index.js:31:1377)
    at z (https://s.alicdn.com/@g/psolution/ncms-react/1.0.28/??index.js:31:1909) @ https://s.alicdn.com/@g/code/npm/@alife/the-new-header/5.5.0/renderHeader.js:30
[    1279ms] [ERROR] Header getI18n error TypeError: Cannot read properties of undefined (reading 'startsWith')
    at je (https://s.alicdn.com/@g/code/npm/@alife/the-new-header/5.5.0/renderHeader.js:31:11589)
    at F_ (https://s.alicdn.com/@g/code/npm/@alife/the-new-header/5.5.0/renderHeader.js:36:121599)
    at Eo (https://s.alicdn.com/@g/psolution/ncms-react/1.0.28/??index.js:21:63231)
    at _i (https://s.alicdn.com/@g/psolution/ncms-react/1.0.28/??index.js:21:120198)
    at ws (https://s.alicdn.com/@g/psolution/ncms-react/1.0.28/??index.js:21:109194)
    at ys (https://s.alicdn.com/@g/psolution/ncms-react/1.0.28/??index.js:21:109122)
    at gs (https://s.alicdn.com/@g/psolution/ncms-react/1.0.28/??index.js:21:108985)
    at as (https://s.alicdn.com/@g/psolution/ncms-react/1.0.28/??index.js:21:104103)
    at S (https://s.alicdn.com/@g/psolution/ncms-react/1.0.28/??index.js:31:1377)
    at z (https://s.alicdn.com/@g/psolution/ncms-react/1.0.28/??index.js:31:1909) @ https://s.alicdn.com/@g/code/npm/@alife/the-new-header/5.5.0/renderHeader.js:30
[    1421ms] [LOG] Fri May 08 2026 11:26:32 GMT-0400 (Eastern Daylight Time) @ https://aeis.alicdn.com/AWSC/et/1.83.41/et_f.js:1
[    3999ms] [WARNING] document.domain mutation is ignored because the surrounding agent cluster is origin-keyed. @ https://onetalk.alibaba.com/message/weblite.htm:252
[    4114ms] [LOG] Fri May 08 2026 11:26:35 GMT-0400 (Eastern Daylight Time) @ https://g.alicdn.com/ife/common/0.0.11/scripts/et_f_1_83_42.js:1
[    4620ms] [WARNING] Deprecation warning: value provided is not in a recognized RFC2822 or ISO format. moment construction falls back to js Date(), which is not reliable across all browsers and versions. Non RFC2822/ISO date formats are discouraged. Please refer to http://momentjs.com/guides/#/warnings/js-date/ for more info.
Arguments: 
[0] _isAMomentObject: true, _isUTC: false, _useUTC: false, _l: undefined, _i: 5/8/2026, _f: undefined, _strict: undefined, _locale: [object Object]
Error
    at o.createFromInputFallback (https://s.alicdn.com/@g/icbu-im/im-common-assets/1.0.200/air.js:2:533849)
    at Un (https://s.alicdn.com/@g/icbu-im/im-common-assets/1.0.200/air.js:2:559456)
    at Jn (https://s.alicdn.com/@g/icbu-im/im-common-assets/1.0.200/air.js:2:562800)
    at zn (https://s.alicdn.com/@g/icbu-im/im-common-assets/1.0.200/air.js:2:562666)
    at Yn (https://s.alicdn.com/@g/icbu-im/im-common-assets/1.0.200/air.js:2:562384)
    at $n (https://s.alicdn.com/@g/icbu-im/im-common-assets/1.0.200/air.js:2:563156)
    at Kn (https://s.alicdn.com/@g/icbu-im/im-common-assets/1.0.200/air.js:2:563190)
    at o (https://s.alicdn.com/@g/icbu-im/im-common-assets/1.0.200/air.js:2:530730)
    at Object.<anonymous> (https://s.alicdn.com/@g/icbu-im/im-weblite-chat/1.0.658/index.js:2:725168)
    at i (https://s.alicdn.com/@g/icbu-im/im-weblite-chat/1.0.658/index.js:2:369) @ https://s.alicdn.com/@g/icbu-im/im-common-assets/1.0.200/air.js:1
[    7110ms] Object
[    7151ms] Uncaught (in promise) #<Object>
    at <anonymous> (https://s.alicdn.com/@g/icbu-im/im-common-assets/1.0.200/air.js:1:1165538)
    at <anonymous> (https://s.alicdn.com/@g/icbu-im/im-common-assets/1.0.200/air.js:1:873092)
    at <anonymous> (https://s.alicdn.com/@g/icbu-im/im-common-assets/1.0.200/air.js:1:747575)
    at <anonymous> (https://s.alicdn.com/@g/icbu-im/im-common-assets/1.0.200/air.js:1:748556)
    at C (https://s.alicdn.com/@g/icbu-im/im-common-assets/1.0.200/air.js:1:1150332)
    at f (https://s.alicdn.com/@g/icbu-im/im-common-assets/1.0.200/air.js:1:1151302)
    at T (https://s.alicdn.com/@g/icbu-im/im-common-assets/1.0.200/air.js:1:1150956)
    at a (https://s.alicdn.com/@g/icbu-im/im-common-assets/1.0.200/air.js:1:1149738)
    at e.cont (https://s.alicdn.com/@g/icbu-im/im-common-assets/1.0.200/air.js:1:1149815)
    at C (https://s.alicdn.com/@g/icbu-im/im-common-assets/1.0.200/air.js:1:1150603)
    at f (https://s.alicdn.com/@g/icbu-im/im-common-assets/1.0.200/air.js:1:1151302)
    at <anonymous> (https://s.alicdn.com/@g/icbu-im/im-common-assets/1.0.200/air.js:1:1153689)
[    7153ms] Uncaught (in promise) #<Object>
    at <anonymous> (https://s.alicdn.com/@g/icbu-im/im-common-assets/1.0.200/air.js:1:1165538)
    at <anonymous> (https://s.alicdn.com/@g/icbu-im/im-common-assets/1.0.200/air.js:1:873092)
    at <anonymous> (https://s.alicdn.com/@g/icbu-im/im-common-assets/1.0.200/air.js:1:747575)
    at <anonymous> (https://s.alicdn.com/@g/icbu-im/im-common-assets/1.0.200/air.js:1:748556)
    at C (https://s.alicdn.com/@g/icbu-im/im-common-assets/1.0.200/air.js:1:1150332)
    at f (https://s.alicdn.com/@g/icbu-im/im-common-assets/1.0.200/air.js:1:1151302)
    at T (https://s.alicdn.com/@g/icbu-im/im-common-assets/1.0.200/air.js:1:1150956)
    at a (https://s.alicdn.com/@g/icbu-im/im-common-assets/1.0.200/air.js:1:1149738)
    at e.cont (https://s.alicdn.com/@g/icbu-im/im-common-assets/1.0.200/air.js:1:1149815)
    at C (https://s.alicdn.com/@g/icbu-im/im-common-assets/1.0.200/air.js:1:1150603)
    at f (https://s.alicdn.com/@g/icbu-im/im-common-assets/1.0.200/air.js:1:1151302)
    at <anonymous> (https://s.alicdn.com/@g/icbu-im/im-common-assets/1.0.200/air.js:1:1153689)
[    9611ms] [ERROR] ==== indexedDB error ====:  db connect timeout! @ https://s.alicdn.com/@g/icbu-im/im-weblite-chat/1.0.658/index.js:1
