[     154ms] [INFO] The browser has successfully queued the data for transfer... @ https://m.media-amazon.com/images/I/51SSMvLbyWL._RC%7C41haTccCCvL.js,510KnYI9QWL.js,21RoFlDNKHL.js,41fFmJrK7zL.js,01N0G7oHRlL.js,31-hnA-p85L.js,21MQrCW40bL.js,01KVpvQDfZL.js,21XkditqCiL.js,31UpnbnnOWL.js,41n8B+HM0VL.js,31X4VtYohlL.js,01qtTpqN9TL.js,11YqpH6IARL.js,01QUqxbk4aL.js,01vpgLQ7sWL.js,018GOBOU8wL.js,014s6GxYjXL.js,01mq4gWWg+L.js,01Oy5H5EPsL.js,11pUiI4NWWL.js,31A5dAuB-9L.js,01Qg3w8pUPL.js,01lx4jtyKqL.js,01+86qUwmpL.js,01tvS9Qe2bL.js,01pSevr6s1L.js,01+xQYdGnAL.js,41utSEUwGML.js,51ytiqRH4mL.js,21E+PtC+ukL.js,0136xjSLaaL.js,013LGYLGHnL.js,01hMcyEA2RL.js,01U+M7C97eL.js,01zn9ftCkLL.js,01FDiMXUv+L.js,01Y8JJ+r2ML.js,017lBD8zmsL.js,31yUwqCGdiL.js,01jvUNUfNdL.js,91HsSxsEgYL.js,01ckUOmqSkL.js,11qtPfHve9L.js,11NEyTXT6oL.js,21tpC30940L.js,51m9FvkngBL.js,31jzxcc0Q6L.js,01ly-sHeg8L.js,018v226z-QL.js,21z34K3nOVL.js,31M8YAO7NgL.js,01993rJ5roL.js,01SiFpsoIzL.js,018-x4IqBqL.js,11wrvsmYAIL.js,01DQUzT6S8L.js,01sFQp1iloL.js,01XS6qpQiCL.js,01S5dga6DzL.js,01LbPmN08WL.js,01ppIh9wmjL.js,01v8HNSpzuL.js,01PTeQhvs-L.js,01RH6BojjLL.js,01GsEhoWBNL.js,014nwk4ykeL.js,012USBOk43L.js,21Ip2egAa+L.js,11lN9sWb9SL.js,11xUyZzpxpL.js,81TdOW4NRLL.js_.js?AUIClients/SearchPartnerAssets:4698
[     155ms] [ERROR] [NoriLogger] [WARN] DSPClientStrategy No events to send to endpoint @ https://m.media-amazon.com/images/I/B1r9sfGYJvL.js:10
[     156ms] [ERROR] [NoriLogger] [WARN] DSPClientStrategy No events to send to endpoint @ https://m.media-amazon.com/images/I/B1r9sfGYJvL.js:10
[     157ms] [ERROR] [NoriLogger] [WARN] DSPClientStrategy No events to send to endpoint @ https://m.media-amazon.com/images/I/B1r9sfGYJvL.js:10
[    1221ms] [ERROR] Failed to load resource: net::ERR_TRUST_TOKEN_OPERATION_FAILED @ https://www.amazon.com/tt/i:0
[    1291ms] [ERROR] Failed to load resource: the server responded with a status of 404 () @ https://m.media-amazon.com/images/S/sash/amazon.js:0
[    1299ms] [ERROR] Failed to load resource: the server responded with a status of 404 () @ https://m.media-amazon.com/images/S/sash/amazon.js:0
[    1316ms] [WARNING] No client strategy found. Metrics will not be enabled. @ https://m.media-amazon.com/images/I/91fHoOxQhJL.js:26
[    1317ms] [ERROR] [ERROR] undefined Unable to enable metrics due to missing ad-level metrics container @ https://m.media-amazon.com/images/I/91fHoOxQhJL.js:26
[    1333ms] [ERROR] Failed to load resource: the server responded with a status of 404 () @ https://m.media-amazon.com/images/S/sash/mraid.js:0
[    1333ms] [ERROR] Failed to load resource: the server responded with a status of 404 () @ https://m.media-amazon.com/images/S/sash/mraid.js:0
[    1340ms] [WARNING] No client strategy found. Metrics will not be enabled. @ https://m.media-amazon.com/images/I/91fHoOxQhJL.js:26
[    1341ms] [ERROR] [ERROR] undefined Unable to enable metrics due to missing ad-level metrics container @ https://m.media-amazon.com/images/I/91fHoOxQhJL.js:26
[    1357ms] [LOG] [NoriLogger] Initialized successfully @ https://m.media-amazon.com/images/I/B1r9sfGYJvL.js:26
[    1376ms] [ERROR] [NoriLogger] [WARN] DSPClientStrategy NoriLogger: Timer for customImageRender already exists. @ https://m.media-amazon.com/images/I/B1r9sfGYJvL.js:10
[    1407ms] [ERROR] [NoriLogger] [WARN] DSPClientStrategy NoriLogger: Timer for customImageRender already exists. @ https://m.media-amazon.com/images/I/B1r9sfGYJvL.js:10
[    1407ms] [ERROR] [NoriLogger] [WARN] DSPClientStrategy NoriLogger: Timer for customImageRender already exists. @ https://m.media-amazon.com/images/I/B1r9sfGYJvL.js:10
[    3149ms] [ERROR] Error logged with the Track&Report JS errors API(http://tiny/1covqr6l8/wamazindeClieUserJava): {"m":"ARA:RegisterTriggerResponseError:SEARCH. Error receiving response from ARAServiceFailed to execute 'json' on 'Response': Unexpected end of JSON input","name":"SyntaxError","csm":"v5 ueLogError stack","logLevel":"ERROR","attribution":"ARARegisterTrigger","pageURL":"https://www.amazon.com/s?k=vertical+blind+repair+vane+savers","f":"https://m.media-amazon.com/images/I/21vARlfe4pL._RC%7C11s0wiXngEL.js_.js?AUIClients/ARARegisterTriggerSubAssets-search","l":"7","s":["SyntaxError: Unexpected end of JSON input","at https://m.media-amazon.com/images/I/21vARlfe4pL._RC%7C11s0wiXngEL.js_.js?AUIClients/ARARegisterTriggerSubAssets-search:7:384"],"t":2986} {m: ARA:RegisterTriggerResponseError:SEARCH. Error rec…json' on 'Response': Unexpected end of JSON input, name: SyntaxError, type: undefined, csm: v5 ueLogError stack, logLevel: ERROR} @ https://images-na.ssl-images-amazon.com/images/I/215h87l68bL.js:3
[   10268ms] [WARNING] The resource https://m.media-amazon.com/images/S/sash/-k4TmvA3LcaoLZU.js#sfClientUrl was preloaded using link preload but not used within a few seconds from the window's load event. Please make sure it has an appropriate `as` value and it is preloaded intentionally. @ https://www.amazon.com/s?k=vertical+blind+repair+vane+savers:0
[   10268ms] [WARNING] The resource https://m.media-amazon.com/images/S/sash/ZjX5dSxC9UqUC39.html#sfClientHtmlUrl was preloaded using link preload but not used within a few seconds from the window's load event. Please make sure it has an appropriate `as` value and it is preloaded intentionally. @ https://www.amazon.com/s?k=vertical+blind+repair+vane+savers:0
