[    2698ms] [WARNING] Setting secure=true because sameSite=None requires secure cookies @ https://assets.alicdn.com/g/lzd_sec/LWSC-G/index.js:0
[    2699ms] [WARNING] A parser-blocking, cross site (i.e. different eTLD+1) script, https://assets.alicdn.com/g/??/AWSC/AWSC/awsc.js,/sd/baxia-entry/baxiaCommon.js, is invoked via document.write. The network request for this script MAY be blocked by the browser in this or a future page load due to poor network connectivity. If blocked in this page load, it will be confirmed in a subsequent console message. See https://www.chromestatus.com/feature/5718547946799104 for more details. @ https://assets.alicdn.com/g/lzd_sec/LWSC-G/index.js:0
[    2699ms] [WARNING] A parser-blocking, cross site (i.e. different eTLD+1) script, https://assets.alicdn.com/g/??/AWSC/AWSC/awsc.js,/sd/baxia-entry/baxiaCommon.js, is invoked via document.write. The network request for this script MAY be blocked by the browser in this or a future page load due to poor network connectivity. If blocked in this page load, it will be confirmed in a subsequent console message. See https://www.chromestatus.com/feature/5718547946799104 for more details. @ https://assets.alicdn.com/g/lzd_sec/LWSC-G/index.js:0
[    2994ms] [LOG] Fri May 08 2026 11:05:51 GMT-0400 (Eastern Daylight Time) @ https://assets.aliexpress-media.com/g/AWSC/et/1.83.41/et_f.js:1
[    3016ms] [WARNING] twitter share title is empty @ https://assets.aliexpress-media.com/g/ae-dida/search-pc/0.0.194/fixed-bar.js:0
[    3083ms] [WARNING] 'et' should been 'EXP','CLK','SLD','INPUT','SYS', 'OTHER' @ https://assets.aliexpress-media.com/g/ae-fe/cosmos/0.0.427/pc/gep-sdk.js:0
[    3119ms] [LOG] [poplayer-web-container] init {positionSign: PC_Search_Ui_Product_List} @ https://assets.aliexpress-media.com/g/ae-fe/cosmos/0.0.427/pc/pop-layer.js:0
[    3697ms] [LOG] load css succ @ https://assets.aliexpress-media.com/g/ae-fe/cosmos/0.0.427/pc/index.js:0
[    3810ms] [LOG] load succ @ https://assets.aliexpress-media.com/g/ae-fe/cosmos/0.0.427/pc/index.js:0
[    3831ms] [WARNING] 'et' should been 'EXP','CLK','SLD','INPUT','SYS', 'OTHER' @ https://assets.aliexpress-media.com/g/ae-fe/cosmos/0.0.427/pc/gep-sdk.js:0
[    3831ms] [WARNING] 'et' should been 'EXP','CLK','SLD','INPUT','SYS', 'OTHER' @ https://assets.aliexpress-media.com/g/ae-fe/cosmos/0.0.427/pc/gep-sdk.js:0
[    3831ms] [WARNING] 'et' should been 'EXP','CLK','SLD','INPUT','SYS', 'OTHER' @ https://assets.aliexpress-media.com/g/ae-fe/cosmos/0.0.427/pc/gep-sdk.js:0
[    3832ms] [WARNING] 'et' should been 'EXP','CLK','SLD','INPUT','SYS', 'OTHER' @ https://assets.aliexpress-media.com/g/ae-fe/cosmos/0.0.427/pc/gep-sdk.js:0
[    3832ms] [WARNING] 'et' should been 'EXP','CLK','SLD','INPUT','SYS', 'OTHER' @ https://assets.aliexpress-media.com/g/ae-fe/cosmos/0.0.427/pc/gep-sdk.js:0
[    3832ms] [WARNING] 'et' should been 'EXP','CLK','SLD','INPUT','SYS', 'OTHER' @ https://assets.aliexpress-media.com/g/ae-fe/cosmos/0.0.427/pc/gep-sdk.js:0
[    3832ms] [WARNING] 'et' should been 'EXP','CLK','SLD','INPUT','SYS', 'OTHER' @ https://assets.aliexpress-media.com/g/ae-fe/cosmos/0.0.427/pc/gep-sdk.js:0
[    4223ms] [WARNING] 'et' should been 'EXP','CLK','SLD','INPUT','SYS', 'OTHER' @ https://assets.aliexpress-media.com/g/ae-fe/cosmos/0.0.427/pc/gep-sdk.js:0
[    4223ms] [WARNING] 'et' should been 'EXP','CLK','SLD','INPUT','SYS', 'OTHER' @ https://assets.aliexpress-media.com/g/ae-fe/cosmos/0.0.427/pc/gep-sdk.js:0
[    4224ms] [WARNING] 'et' should been 'EXP','CLK','SLD','INPUT','SYS', 'OTHER' @ https://assets.aliexpress-media.com/g/ae-fe/cosmos/0.0.427/pc/gep-sdk.js:0
[    4225ms] [WARNING] 'et' should been 'EXP','CLK','SLD','INPUT','SYS', 'OTHER' @ https://assets.aliexpress-media.com/g/ae-fe/cosmos/0.0.427/pc/gep-sdk.js:0
[    4255ms] [WARNING] 'et' should been 'EXP','CLK','SLD','INPUT','SYS', 'OTHER' @ https://assets.aliexpress-media.com/g/ae-fe/cosmos/0.0.427/pc/gep-sdk.js:0
[    4295ms] [WARNING] 'et' should been 'EXP','CLK','SLD','INPUT','SYS', 'OTHER' @ https://assets.aliexpress-media.com/g/ae-fe/cosmos/0.0.427/pc/gep-sdk.js:0
[    4309ms] [WARNING] 'et' should been 'EXP','CLK','SLD','INPUT','SYS', 'OTHER' @ https://assets.aliexpress-media.com/g/ae-fe/cosmos/0.0.427/pc/gep-sdk.js:0
[    4309ms] [WARNING] 'et' should been 'EXP','CLK','SLD','INPUT','SYS', 'OTHER' @ https://assets.aliexpress-media.com/g/ae-fe/cosmos/0.0.427/pc/gep-sdk.js:0
[    4515ms] [WARNING] 'et' should been 'EXP','CLK','SLD','INPUT','SYS', 'OTHER' @ https://assets.aliexpress-media.com/g/ae-fe/cosmos/0.0.427/pc/gep-sdk.js:0
[    4515ms] [WARNING] 'et' should been 'EXP','CLK','SLD','INPUT','SYS', 'OTHER' @ https://assets.aliexpress-media.com/g/ae-fe/cosmos/0.0.427/pc/gep-sdk.js:0
[    4543ms] [WARNING] 'et' should been 'EXP','CLK','SLD','INPUT','SYS', 'OTHER' @ https://assets.aliexpress-media.com/g/ae-fe/cosmos/0.0.427/pc/gep-sdk.js:0
[    4544ms] [WARNING] 'et' should been 'EXP','CLK','SLD','INPUT','SYS', 'OTHER' @ https://assets.aliexpress-media.com/g/ae-fe/cosmos/0.0.427/pc/gep-sdk.js:0
[    4608ms] [WARNING] 'et' should been 'EXP','CLK','SLD','INPUT','SYS', 'OTHER' @ https://assets.aliexpress-media.com/g/ae-fe/cosmos/0.0.427/pc/gep-sdk.js:0
[    4609ms] [WARNING] 'et' should been 'EXP','CLK','SLD','INPUT','SYS', 'OTHER' @ https://assets.aliexpress-media.com/g/ae-fe/cosmos/0.0.427/pc/gep-sdk.js:0
[    4648ms] [WARNING] 'et' should been 'EXP','CLK','SLD','INPUT','SYS', 'OTHER' @ https://assets.aliexpress-media.com/g/ae-fe/cosmos/0.0.427/pc/gep-sdk.js:0
[    4648ms] [WARNING] 'et' should been 'EXP','CLK','SLD','INPUT','SYS', 'OTHER' @ https://assets.aliexpress-media.com/g/ae-fe/cosmos/0.0.427/pc/gep-sdk.js:0
[    4744ms] [WARNING] 'et' should been 'EXP','CLK','SLD','INPUT','SYS', 'OTHER' @ https://assets.aliexpress-media.com/g/ae-fe/cosmos/0.0.427/pc/gep-sdk.js:0
[    4878ms] [WARNING] 'et' should been 'EXP','CLK','SLD','INPUT','SYS', 'OTHER' @ https://assets.aliexpress-media.com/g/ae-fe/cosmos/0.0.427/pc/gep-sdk.js:0
[    4886ms] [WARNING] 'et' should been 'EXP','CLK','SLD','INPUT','SYS', 'OTHER' @ https://assets.aliexpress-media.com/g/ae-fe/cosmos/0.0.427/pc/gep-sdk.js:0
