[    1557ms] [LOG] %c EvalError
    at oA (https://prx.wayfair.com/px/client/main.min.js:2:64949)
    at qB (https://prx.wayfair.com/px/client/main.min.js:2:71710)
    at HK (https://prx.wayfair.com/px/client/main.min.js:4:10470)
    at HI (https://prx.wayfair.com/px/client/main.min.js:4:10084)
    at https://prx.wayfair.com/px/client/main.min.js:4:11811
    at https://prx.wayfair.com/px/client/main.min.js:4:11817
    at https://prx.wayfair.com/px/client/main.min.js:4:12282 @ https://prx.wayfair.com/px/client/main.min.js:1
[    2663ms] [LOG] Value probs:  {enabled: true, probes: Array(14)} @ https://cdn.quantummetric.com/qscripts/quantum-wayfair.js:120
[    2664ms] [LOG] Core config:  l$ @ https://cdn.quantummetric.com/qscripts/quantum-wayfair.js:120
[    2897ms] [ERROR] Failed to load resource: the server responded with a status of 429 () @ https://www.wayfair.com/a/dynamic_popup/rules/evaluate?uniqueSearchCount=0:0
[    2971ms] [ERROR] Failed to load resource: the server responded with a status of 429 () @ https://www.wayfair.com/federation/graphql:0
[    3020ms] [ERROR] Failed to load resource: the server responded with a status of 429 () @ https://www.wayfair.com/federation/graphql:0
[    3021ms] ApolloError: Response not successful: Received status code 429
    at new t (https://assets.wfcdn.com/webpack/sf-ui-core-funnel/_next/static/chunks/1010-755b01db3a97a568.js:1:88866)
    at https://assets.wfcdn.com/webpack/sf-ui-core-funnel/_next/static/chunks/1010-755b01db3a97a568.js:1:56744
    at o (https://assets.wfcdn.com/webpack/sf-ui-core-funnel/_next/static/chunks/1010-755b01db3a97a568.js:1:35861)
    at https://assets.wfcdn.com/webpack/sf-ui-core-funnel/_next/static/chunks/1010-755b01db3a97a568.js:1:35776
    at new Promise (<anonymous>)
    at Object.then (https://assets.wfcdn.com/webpack/sf-ui-core-funnel/_next/static/chunks/1010-755b01db3a97a568.js:1:35743)
    at Object.error (https://assets.wfcdn.com/webpack/sf-ui-core-funnel/_next/static/chunks/1010-755b01db3a97a568.js:1:35871)
    at g (https://assets.wfcdn.com/webpack/sf-ui-core-funnel/_next/static/chunks/1010-755b01db3a97a568.js:1:159076)
    at b (https://assets.wfcdn.com/webpack/sf-ui-core-funnel/_next/static/chunks/1010-755b01db3a97a568.js:1:159577)
    at t.error (https://assets.wfcdn.com/webpack/sf-ui-core-funnel/_next/static/chunks/1010-755b01db3a97a568.js:1:160130)
[    3110ms] [ERROR] Failed to load resource: the server responded with a status of 429 () @ https://www.wayfair.com/a/dynamic_popup/rules/evaluate?uniqueSearchCount=0:0
[    3114ms] [ERROR] Failed to load resource: the server responded with a status of 429 () @ https://www.wayfair.com/federation/graphql:0
[    3181ms] [ERROR] Failed to load resource: the server responded with a status of 429 () @ https://www.wayfair.com/federation/graphql:0
[    3181ms] [ERROR] Failed to load resource: the server responded with a status of 429 () @ https://www.wayfair.com/federation/graphql:0
[    3181ms] [ERROR] Failed to load resource: the server responded with a status of 429 () @ https://www.wayfair.com/federation/graphql:0
[    3181ms] [ERROR] Failed to load resource: the server responded with a status of 429 () @ https://www.wayfair.com/federation/graphql:0
[    3407ms] [ERROR] Failed to load resource: the server responded with a status of 429 () @ https://www.wayfair.com/a/performance_timing/ttfb?_txid=ZTdkZDFiNjAtNDNkOS00NA==:0
[    3423ms] [ERROR] Failed to load resource: the server responded with a status of 429 () @ https://www.wayfair.com/a/performance_timing/fcp?_txid=ZTdkZDFiNjAtNDNkOS00NA==:0
[    5861ms] [WARNING] Canvas2D: Multiple readback operations using getImageData are faster with the willReadFrequently attribute set to true. See: https://html.spec.whatwg.org/multipage/canvas.html#concept-canvas-will-read-frequently @ https://cdn-scripts.signifyd.com/o/lite.js?sessionId=49-6a2e35c8-4ffd-4314-9bbc-ae0302a62927&ping=false&profile=true&pageURL=https%253A%252F%252Fwww.wayfair.com%252F:34
[    6219ms] [WARNING] The resource https://prx.wayfair.com/px/xhr/api/v1/collector/noScript.gif?appId=PX3Vk96I6i was preloaded using link preload but not used within a few seconds from the window's load event. Please make sure it has an appropriate `as` value and it is preloaded intentionally. @ https://www.wayfair.com/:0
