[    1273ms] [WARNING] Setting secure=true because sameSite=None requires secure cookies @ https://assets.alicdn.com/g/lzd_sec/LWSC-G/index.js:0
[    1273ms] [WARNING] A parser-blocking, cross site (i.e. different eTLD+1) script, https://assets.alicdn.com/g/??/AWSC/AWSC/awsc.js,/sd/baxia-entry/baxiaCommon.js, is invoked via document.write. The network request for this script MAY be blocked by the browser in this or a future page load due to poor network connectivity. If blocked in this page load, it will be confirmed in a subsequent console message. See https://www.chromestatus.com/feature/5718547946799104 for more details. @ https://assets.alicdn.com/g/lzd_sec/LWSC-G/index.js:0
[    1274ms] [WARNING] A parser-blocking, cross site (i.e. different eTLD+1) script, https://assets.alicdn.com/g/??/AWSC/AWSC/awsc.js,/sd/baxia-entry/baxiaCommon.js, is invoked via document.write. The network request for this script MAY be blocked by the browser in this or a future page load due to poor network connectivity. If blocked in this page load, it will be confirmed in a subsequent console message. See https://www.chromestatus.com/feature/5718547946799104 for more details. @ https://assets.alicdn.com/g/lzd_sec/LWSC-G/index.js:0
[    1581ms] [LOG] Fri May 08 2026 11:25:04 GMT-0400 (Eastern Daylight Time) @ https://assets.aliexpress-media.com/g/AWSC/et/1.83.41/et_f.js:1
[    1590ms] [LOG] [Cookie Guard] 当前页面 "detail" 不在允许的页面列表中，跳过初始化 {allowedPages: Array(3), currentPage: detail} @ https://assets.aliexpress-media.com/g/ae-fe/cosmos/0.0.427/pc/loader.js:0
[    1591ms] [LOG] 上报详情页事件失败 Error: 未获取到商品ID
    at https://assets.aliexpress-media.com/g/ae-fe/cosmos/0.0.427/pc/loader.js:1:13045
    at Ce (https://assets.aliexpress-media.com/g/ae-fe/cosmos/0.0.427/pc/loader.js:1:13076)
    at Array.forEach (<anonymous>)
    at xe (https://assets.aliexpress-media.com/g/ae-fe/cosmos/0.0.427/pc/loader.js:1:12849)
    at https://assets.aliexpress-media.com/g/ae-fe/cosmos/0.0.427/pc/loader.js:1:15590
    at v (https://assets.aliexpress-media.com/g/ae-fe/cosmos/0.0.427/pc/index.js:1:6438)
    at Generator.<anonymous> (https://assets.aliexpress-media.com/g/ae-fe/cosmos/0.0.427/pc/index.js:1:7765)
    at Generator.next (https://assets.aliexpress-media.com/g/ae-fe/cosmos/0.0.427/pc/index.js:1:6848)
    at n (https://assets.aliexpress-media.com/g/ae-fe/cosmos/0.0.427/pc/index.js:1:5210)
    at u (https://assets.aliexpress-media.com/g/ae-fe/cosmos/0.0.427/pc/index.js:1:5421) @ https://assets.aliexpress-media.com/g/ae-fe/cosmos/0.0.427/pc/loader.js:0
[    1679ms] [WARNING] 'et' should been 'EXP','CLK','SLD','INPUT','SYS', 'OTHER' @ https://assets.aliexpress-media.com/g/ae-fe/cosmos/0.0.427/pc/gep-sdk.js:0
[    1685ms] [LOG] [poplayer-web-container] init {positionSign: PC_Product_Detail_Page} @ https://assets.aliexpress-media.com/g/ae-fe/cosmos/0.0.427/pc/pop-layer.js:0
[    1727ms] [LOG] load css succ @ https://assets.aliexpress-media.com/g/ae-fe/cosmos/0.0.427/pc/index.js:0
[    1793ms] [LOG] load succ @ https://assets.aliexpress-media.com/g/ae-fe/cosmos/0.0.427/pc/index.js:0
[    1891ms] [WARNING] [Meta pixel] 1650958108523345 is unavailable on this website due to it's traffic permission settings. Go to https://www.facebook.com/business/help/572690630080597 to learn more. @ https://connect.facebook.net/en_US/fbevents.js:181
[    2022ms] [WARNING] [Meta Pixel] - Duplicate Pixel ID: 1483203006415954. @ https://connect.facebook.net/en_US/fbevents.js:181
[    2187ms] [ERROR] Attestation check for Attribution Reporting on https://trc.taboola.com failed. @ https://www.aliexpress.us/item/2251832702595322.html?gatewayAdapt=4itemAdapt:0
