[    1719ms] [LOG] Meter provider shut down successfully @ https://ir.ebaystatic.com/cr/ebay-rum/cdn-assets/metrics.ebb041e86c5338dbe8f6.bundle.js:0
[    1809ms] [ERROR] Failed to load resource: net::ERR_CONNECTION_CLOSED @ https://ir.ebaystatic.com/rs/c/r1vinode/vendor-ebayui-core-BJgNVPfG.css:0
[    1809ms] [ERROR] Failed to load resource: net::ERR_CONNECTION_CLOSED @ https://ir.ebaystatic.com/rs/c/r1vinode/style-D7zABORG.css:0
[    1809ms] [ERROR] Failed to load resource: net::ERR_CONNECTION_CLOSED @ https://ir.ebaystatic.com/rs/c/r1vinode/component-browser-DJ5usiLW.css:0
[    1809ms] [ERROR] Failed to load resource: net::ERR_CONNECTION_CLOSED @ https://ir.ebaystatic.com/rs/c/r1vinode/style-B43hWPAQ.css:0
[    1809ms] [ERROR] Failed to load resource: net::ERR_CONNECTION_CLOSED @ https://ir.ebaystatic.com/rs/c/r1vinode/index-DWkxVSy4.css:0
[    1809ms] [ERROR] Failed to load resource: net::ERR_CONNECTION_CLOSED @ https://ir.ebaystatic.com/rs/c/r1vinode/index-DKQRC4lh.css:0
[    1809ms] [ERROR] Failed to load resource: net::ERR_CONNECTION_CLOSED @ https://ir.ebaystatic.com/rs/c/r1vinode/index-BijmmUob.css:0
[    1809ms] [ERROR] Failed to load resource: net::ERR_CONNECTION_CLOSED @ https://ir.ebaystatic.com/rs/c/r1vinode/create-unique-id-BU6oZ7cK.css:0
[    1809ms] [ERROR] Failed to load resource: net::ERR_CONNECTION_CLOSED @ https://ir.ebaystatic.com/rs/c/r1vinode/item_evo-D7by59qZ.css:0
[    1809ms] [ERROR] Failed to load resource: net::ERR_CONNECTION_CLOSED @ https://ir.ebaystatic.com/rs/c/r1vinode/style-D4CBG_QR.css:0
[    1809ms] [ERROR] Failed to load resource: net::ERR_CONNECTION_CLOSED @ https://ir.ebaystatic.com/cr/ebay-rum/cdn-assets/logs.ebb041e86c5338dbe8f6.bundle.js:0
[    1809ms] [ERROR] Failed to load resource: net::ERR_CONNECTION_CLOSED @ https://ir.ebaystatic.com/cr/ebay-rum/cdn-assets/metrics.ebb041e86c5338dbe8f6.bundle.js:0
[    1809ms] [ERROR] @ebay/rum-web failed to lazy load module; retrying TypeError: Failed to fetch dynamically imported module: https://ir.ebaystatic.com/cr/ebay-rum/cdn-assets/logs.ebb041e86c5338dbe8f6.bundle.js @ https://www.ebay.com/itm/406823548872:0
[    1809ms] [ERROR] @ebay/rum-web failed to lazy load module; retrying TypeError: Failed to fetch dynamically imported module: https://ir.ebaystatic.com/cr/ebay-rum/cdn-assets/metrics.ebb041e86c5338dbe8f6.bundle.js @ https://www.ebay.com/itm/406823548872:0
[    1809ms] [ERROR] @ebay/rum-web failed to lazy load module; fatal TypeError: Failed to fetch dynamically imported module: https://ir.ebaystatic.com/cr/ebay-rum/cdn-assets/logs.ebb041e86c5338dbe8f6.bundle.js @ https://www.ebay.com/itm/406823548872:0
[    1809ms] [ERROR] Failed to fetch dynamically imported module: https://ir.ebaystatic.com/cr/ebay-rum/cdn-assets/logs.ebb041e86c5338dbe8f6.bundle.js @ https://www.ebay.com/itm/406823548872:0
[    1809ms] [ERROR] @ebay/rum-web failed to lazy load module; fatal TypeError: Failed to fetch dynamically imported module: https://ir.ebaystatic.com/cr/ebay-rum/cdn-assets/metrics.ebb041e86c5338dbe8f6.bundle.js @ https://www.ebay.com/itm/406823548872:0
[    1809ms] [ERROR] [initializeMeterAsync] Failed to initialize metrics: TypeError: Failed to fetch dynamically imported module: https://ir.ebaystatic.com/cr/ebay-rum/cdn-assets/metrics.ebb041e86c5338dbe8f6.bundle.js @ https://www.ebay.com/itm/406823548872:0
[    1865ms] [WARNING] An iframe which has both allow-scripts and allow-same-origin for its sandbox attribute can escape its sandboxing. @ about:blank:0
[    1952ms] [ERROR] Failed to load resource: the server responded with a status of 404 () @ https://ir.ebaystatic.com/f/c4uaywiq0y1mrh0jfqkgbvsdpez.png:0
[    2410ms] [WARNING] Logger failed initialization (see earlier error logs) — failed to send log:  {type: exception, exception.context: Uncaught Error Handler, exception.type: TypeError, exception.message: Cannot read properties of null (reading 'id'), exception.stacktrace: TypeError: Cannot read properties of null (reading… https://www.ebay.com/itm/406823548872:175:406069} @ https://www.ebay.com/itm/406823548872:0
[    2411ms] TypeError: Cannot read properties of null (reading 'id')
    at t.renderTemplate (https://ir.ebaystatic.com/cr/ads/merch/merch-ui-component-with-css-5-40-21.js:33:883461)
    at e.XX (https://ir.ebaystatic.com/cr/ads/merch/merch-ui-component-with-css-5-40-21.js:439:908717)
    at https://www.ebay.com/itm/406823548872:175:406069
[    2417ms] [WARNING] Logger failed initialization (see earlier error logs) — failed to send log:  {type: exception, exception.context: Uncaught Error Handler, exception.type: TypeError, exception.message: Cannot read properties of null (reading 'id'), exception.stacktrace: TypeError: Cannot read properties of null (reading… https://www.ebay.com/itm/406823548872:175:522880} @ https://www.ebay.com/itm/406823548872:0
[    2417ms] TypeError: Cannot read properties of null (reading 'id')
    at t.renderTemplate (https://ir.ebaystatic.com/cr/ads/merch/merch-ui-component-with-css-5-40-21.js:33:883461)
    at e.XX (https://ir.ebaystatic.com/cr/ads/merch/merch-ui-component-with-css-5-40-21.js:439:908717)
    at https://www.ebay.com/itm/406823548872:175:522880
[    2772ms] [LOG] done @ https://www.ebay.com/itm/406823548872:4
[    3182ms] [WARNING] [GPT] PubAdsService.collapseEmptyDivs is deprecated, use googletag.setConfig({collapseDiv: ...}) instead.
https://goo.gle/gpt-message#170 @ https://securepubads.g.doubleclick.net/pagead/managed/js/gpt/m202604300101/pubads_impl.js?cb=31098253:18
[    3184ms] [WARNING] [GPT] Slot.setTargeting is deprecated, use Slot.setConfig({targeting: ...}) instead.
https://goo.gle/gpt-message#171 @ https://securepubads.g.doubleclick.net/pagead/managed/js/gpt/m202604300101/pubads_impl.js?cb=31098253:18
